<?xml version="1.0" encoding="UTF-8"?>
<!-- Generated by org.testng.reporters.JUnitXMLReporter -->
<testsuite ignored="2" hostname="MAHIBALRATHORE" failures="0" tests="2" name="TestRunner1" time="240.52" errors="0" timestamp="2021-12-27T12:54:11 IST">
  <testcase classname="practise.TestNGCreateContactWthOrg" name="createContactWithOrgTest" time="123.315"/>
  <testcase classname="practise.TestNGCreateContact" name="CreatingContactTest" time="38.079"/>
  <testcase classname="com.crm.TestYantra_genericutility.BaseClass" name="@AfterSuite closingDataBase" time="0.0">
    <ignored/>
  </testcase> <!-- @AfterSuite closingDataBase -->
  <testcase classname="com.crm.TestYantra_genericutility.BaseClass" name="@BeforeSuite connectToDataBase" time="0.0">
    <ignored/>
  </testcase> <!-- @BeforeSuite connectToDataBase -->
</testsuite> <!-- TestRunner1 -->
