<?xml version="1.0" encoding="UTF-8"?>
<!-- Generated by org.testng.reporters.JUnitXMLReporter -->
<testsuite ignored="8" hostname="MAHIBALRATHORE" failures="0" tests="2" name="Test" time="141.05" errors="0" timestamp="2021-12-27T15:19:42 IST">
  <testcase classname="practise.TestNGCreateContactWthOrg" name="createContactWithOrgTest" time="59.856"/>
  <testcase classname="practise.TestNGCreateOrgWithInd" name="creatOrgWithIndustry" time="32.495"/>
  <testcase classname="com.crm.TestYantra_genericutility.BaseClass" name="@AfterSuite closingDataBase" time="0.0">
    <ignored/>
  </testcase> <!-- @AfterSuite closingDataBase -->
  <testcase classname="com.crm.TestYantra_genericutility.BaseClass" name="@AfterSuite closingDataBase" time="0.0">
    <ignored/>
  </testcase> <!-- @AfterSuite closingDataBase -->
  <testcase classname="com.crm.TestYantra_genericutility.BaseClass" name="@AfterSuite closingDataBase" time="0.0">
    <ignored/>
  </testcase> <!-- @AfterSuite closingDataBase -->
  <testcase classname="practise.TestNGCreateOrg" name="createOrganizationTest" time="0.0">
    <ignored/>
  </testcase> <!-- createOrganizationTest -->
  <testcase classname="com.crm.TestYantra_genericutility.BaseClass" name="@BeforeSuite connectToDataBase" time="0.0">
    <ignored/>
  </testcase> <!-- @BeforeSuite connectToDataBase -->
  <testcase classname="com.crm.TestYantra_genericutility.BaseClass" name="@BeforeSuite connectToDataBase" time="0.0">
    <ignored/>
  </testcase> <!-- @BeforeSuite connectToDataBase -->
  <testcase classname="com.crm.TestYantra_genericutility.BaseClass" name="@BeforeSuite connectToDataBase" time="0.0">
    <ignored/>
  </testcase> <!-- @BeforeSuite connectToDataBase -->
  <testcase classname="practise.TestNGCreateContact" name="CreatingContactTest" time="0.0">
    <ignored/>
  </testcase> <!-- CreatingContactTest -->
</testsuite> <!-- Test -->
